<?xml version="1.0" encoding="UTF-8"?>
<!-- Generated by org.testng.reporters.JUnitXMLReporter -->
<testsuite ignored="0" hostname="DELL" failures="0" tests="6" name="CRMPRO" time="100.069" errors="0" timestamp="2024-05-02T17:22:34 IST">
  <testcase classname="com.ecommerce.Test.LoginPageTest" name="validatelogintext" time="0.848"/>
  <testcase classname="com.ecommerce.Test.LoginPageTest" name="LoginUserwithcorrectemailandpassword" time="7.265"/>
  <testcase classname="com.ecommerce.Test.LoginPageTest" name="LoginUserwithincorrectemailandpassword" time="3.823"/>
  <testcase classname="com.ecommerce.Test.ContactusPageTest" name="clickoncontactus" time="9.268"/>
  <testcase classname="com.ecommerce.Test.ProductPageTest" name="logintowebsite" time="12.219"/>
  <testcase classname="com.ecommerce.Test.ProductPageTest" name="Verifyproductpage" time="21.125"/>
</testsuite> <!-- CRMPRO -->
