<?xml version="1.0" encoding="UTF-8"?>
<!-- Generated by org.testng.reporters.JUnitXMLReporter -->
<testsuite ignored="0" hostname="DELL" failures="1" tests="9" name="CRMPRO" time="66.479" errors="0" timestamp="2024-05-14T13:44:30 IST">
  <testcase classname="com.ecommerce.Test.LoginPageTest" name="validatelogintexttest" time="1.772"/>
  <testcase classname="com.ecommerce.Test.LoginPageTest" name="LoginUserwithcorrectemailandpasswordtest" time="0.002">
    <skipped/>
  </testcase> <!-- LoginUserwithcorrectemailandpasswordtest -->
  <testcase classname="com.ecommerce.Test.LoginPageTest" name="LoginUserwithcorrectemailandpasswordtest" time="0.001">
    <skipped/>
  </testcase> <!-- LoginUserwithcorrectemailandpasswordtest -->
  <testcase classname="com.ecommerce.Test.LoginPageTest" name="LoginUserwithcorrectemailandpasswordtest" time="0.001">
    <skipped/>
  </testcase> <!-- LoginUserwithcorrectemailandpasswordtest -->
  <testcase classname="com.ecommerce.Test.LoginPageTest" name="LoginUserwithcorrectemailandpasswordtest" time="0.003">
    <failure type="java.lang.Error" message="Unresolved compilation problem: 
	loginn cannot be resolved to a variable
">
      <![CDATA[java.lang.Error: Unresolved compilation problem: 
loginn cannot be resolved to a variable

at com.ecommerce.Test.LoginPageTest.LoginUserwithcorrectemailandpasswordtest(LoginPageTest.java:39)
at java.base/java.util.ArrayList.forEach(ArrayList.java:1511)
... Removed 27 stack frames]]>
    </failure>
  </testcase> <!-- LoginUserwithcorrectemailandpasswordtest -->
  <testcase classname="com.ecommerce.Test.LoginPageTest" name="LoginUserwithincorrectemailandpasswordtest" time="2.637"/>
  <testcase classname="com.ecommerce.Test.LoginPageTest" name="loginwithmultipledata" time="3.628"/>
  <testcase classname="com.ecommerce.Test.LoginPageTest" name="loginwithmultipledata" time="3.721"/>
  <testcase classname="com.ecommerce.Test.LoginPageTest" name="loginwithmultipledata" time="8.08"/>
</testsuite> <!-- CRMPRO -->
