<?xml version="1.0" encoding="UTF-8"?>
<testng-results ignored="0" total="6" passed="6" failed="0" skipped="0">
  <reporter-output>
  </reporter-output>
  <suite started-at="2024-05-10T11:05:05 IST" name="CRMPRO session" finished-at="2024-05-10T11:06:04 IST" duration-ms="58950">
    <groups>
    </groups>
    <test started-at="2024-05-10T11:05:05 IST" name="CRMPRO" finished-at="2024-05-10T11:06:04 IST" duration-ms="58950">
      <class name="com.ecommerce.Test.ProductPageTest">
        <test-method is-config="true" signature="initalization()[pri:0, instance:com.ecommerce.Test.ProductPageTest@231f98ef]" started-at="2024-05-10T11:05:39 IST" name="initalization" finished-at="2024-05-10T11:05:43 IST" duration-ms="3855" status="PASS">
          <reporter-output>
          </reporter-output>
        </test-method> <!-- initalization -->
        <test-method signature="logintowebsite()[pri:1, instance:com.ecommerce.Test.ProductPageTest@231f98ef]" started-at="2024-05-10T11:05:43 IST" name="logintowebsite" finished-at="2024-05-10T11:05:46 IST" duration-ms="3829" status="PASS">
          <reporter-output>
          </reporter-output>
        </test-method> <!-- logintowebsite -->
        <test-method is-config="true" signature="teardown()[pri:0, instance:com.ecommerce.Test.ProductPageTest@231f98ef]" started-at="2024-05-10T11:05:46 IST" name="teardown" finished-at="2024-05-10T11:05:47 IST" duration-ms="317" status="PASS">
          <reporter-output>
          </reporter-output>
        </test-method> <!-- teardown -->
        <test-method is-config="true" signature="initalization()[pri:0, instance:com.ecommerce.Test.ProductPageTest@231f98ef]" started-at="2024-05-10T11:05:47 IST" name="initalization" finished-at="2024-05-10T11:05:51 IST" duration-ms="4112" status="PASS">
          <reporter-output>
          </reporter-output>
        </test-method> <!-- initalization -->
        <test-method signature="Verifyproductpage()[pri:2, instance:com.ecommerce.Test.ProductPageTest@231f98ef]" started-at="2024-05-10T11:05:51 IST" name="Verifyproductpage" finished-at="2024-05-10T11:06:03 IST" duration-ms="12464" status="PASS">
          <reporter-output>
          </reporter-output>
        </test-method> <!-- Verifyproductpage -->
        <test-method is-config="true" signature="teardown()[pri:0, instance:com.ecommerce.Test.ProductPageTest@231f98ef]" started-at="2024-05-10T11:06:03 IST" name="teardown" finished-at="2024-05-10T11:06:04 IST" duration-ms="257" status="PASS">
          <reporter-output>
          </reporter-output>
        </test-method> <!-- teardown -->
      </class> <!-- com.ecommerce.Test.ProductPageTest -->
      <class name="com.ecommerce.Test.LoginPageTest">
        <test-method is-config="true" signature="initalization()[pri:0, instance:com.ecommerce.Test.LoginPageTest@cb0755b]" started-at="2024-05-10T11:05:05 IST" name="initalization" finished-at="2024-05-10T11:05:10 IST" duration-ms="5224" status="PASS">
          <reporter-output>
          </reporter-output>
        </test-method> <!-- initalization -->
        <test-method signature="validatelogintext()[pri:1, instance:com.ecommerce.Test.LoginPageTest@cb0755b]" started-at="2024-05-10T11:05:10 IST" name="validatelogintext" finished-at="2024-05-10T11:05:12 IST" duration-ms="1880" status="PASS">
          <reporter-output>
          </reporter-output>
        </test-method> <!-- validatelogintext -->
        <test-method is-config="true" signature="teardown()[pri:0, instance:com.ecommerce.Test.LoginPageTest@cb0755b]" started-at="2024-05-10T11:05:12 IST" name="teardown" finished-at="2024-05-10T11:05:12 IST" duration-ms="228" status="PASS">
          <reporter-output>
          </reporter-output>
        </test-method> <!-- teardown -->
        <test-method is-config="true" signature="initalization()[pri:0, instance:com.ecommerce.Test.LoginPageTest@cb0755b]" started-at="2024-05-10T11:05:12 IST" name="initalization" finished-at="2024-05-10T11:05:16 IST" duration-ms="3961" status="PASS">
          <reporter-output>
          </reporter-output>
        </test-method> <!-- initalization -->
        <test-method signature="LoginUserwithcorrectemailandpassword()[pri:2, instance:com.ecommerce.Test.LoginPageTest@cb0755b]" started-at="2024-05-10T11:05:16 IST" name="LoginUserwithcorrectemailandpassword" finished-at="2024-05-10T11:05:20 IST" duration-ms="4294" status="PASS">
          <reporter-output>
          </reporter-output>
        </test-method> <!-- LoginUserwithcorrectemailandpassword -->
        <test-method is-config="true" signature="teardown()[pri:0, instance:com.ecommerce.Test.LoginPageTest@cb0755b]" started-at="2024-05-10T11:05:20 IST" name="teardown" finished-at="2024-05-10T11:05:21 IST" duration-ms="257" status="PASS">
          <reporter-output>
          </reporter-output>
        </test-method> <!-- teardown -->
        <test-method is-config="true" signature="initalization()[pri:0, instance:com.ecommerce.Test.LoginPageTest@cb0755b]" started-at="2024-05-10T11:05:21 IST" name="initalization" finished-at="2024-05-10T11:05:24 IST" duration-ms="2971" status="PASS">
          <reporter-output>
          </reporter-output>
        </test-method> <!-- initalization -->
        <test-method signature="LoginUserwithincorrectemailandpassword()[pri:3, instance:com.ecommerce.Test.LoginPageTest@cb0755b]" started-at="2024-05-10T11:05:24 IST" name="LoginUserwithincorrectemailandpassword" finished-at="2024-05-10T11:05:26 IST" duration-ms="2604" status="PASS">
          <reporter-output>
          </reporter-output>
        </test-method> <!-- LoginUserwithincorrectemailandpassword -->
        <test-method is-config="true" signature="teardown()[pri:0, instance:com.ecommerce.Test.LoginPageTest@cb0755b]" started-at="2024-05-10T11:05:26 IST" name="teardown" finished-at="2024-05-10T11:05:26 IST" duration-ms="208" status="PASS">
          <reporter-output>
          </reporter-output>
        </test-method> <!-- teardown -->
      </class> <!-- com.ecommerce.Test.LoginPageTest -->
      <class name="com.ecommerce.Test.ContactusPageTest">
        <test-method is-config="true" signature="initalization()[pri:0, instance:com.ecommerce.Test.ContactusPageTest@31ea9581]" started-at="2024-05-10T11:05:26 IST" name="initalization" finished-at="2024-05-10T11:05:29 IST" duration-ms="2891" status="PASS">
          <reporter-output>
          </reporter-output>
        </test-method> <!-- initalization -->
        <test-method signature="clickoncontactus()[pri:1, instance:com.ecommerce.Test.ContactusPageTest@31ea9581]" started-at="2024-05-10T11:05:29 IST" name="clickoncontactus" finished-at="2024-05-10T11:05:37 IST" duration-ms="7957" status="PASS">
          <reporter-output>
          </reporter-output>
        </test-method> <!-- clickoncontactus -->
        <test-method is-config="true" signature="teardown()[pri:0, instance:com.ecommerce.Test.ContactusPageTest@31ea9581]" started-at="2024-05-10T11:05:37 IST" name="teardown" finished-at="2024-05-10T11:05:39 IST" duration-ms="1317" status="PASS">
          <reporter-output>
          </reporter-output>
        </test-method> <!-- teardown -->
      </class> <!-- com.ecommerce.Test.ContactusPageTest -->
    </test> <!-- CRMPRO -->
  </suite> <!-- CRMPRO session -->
</testng-results>
