<?xml version="1.0" encoding="UTF-8"?>
<testng-results ignored="0" total="6" passed="6" failed="0" skipped="0">
  <reporter-output>
  </reporter-output>
  <suite started-at="2024-05-10T11:21:00 IST" name="CRMPRO session" finished-at="2024-05-10T11:22:03 IST" duration-ms="63150">
    <groups>
    </groups>
    <test started-at="2024-05-10T11:21:00 IST" name="CRMPRO" finished-at="2024-05-10T11:22:03 IST" duration-ms="63150">
      <class name="com.ecommerce.Test.ProductPageTest">
        <test-method is-config="true" signature="initalization()[pri:0, instance:com.ecommerce.Test.ProductPageTest@231f98ef]" started-at="2024-05-10T11:21:37 IST" name="initalization" finished-at="2024-05-10T11:21:41 IST" duration-ms="4457" status="PASS">
          <reporter-output>
          </reporter-output>
        </test-method> <!-- initalization -->
        <test-method signature="logintowebsitetest()[pri:1, instance:com.ecommerce.Test.ProductPageTest@231f98ef]" started-at="2024-05-10T11:21:41 IST" name="logintowebsitetest" finished-at="2024-05-10T11:21:45 IST" duration-ms="3638" status="PASS">
          <reporter-output>
          </reporter-output>
        </test-method> <!-- logintowebsitetest -->
        <test-method is-config="true" signature="teardown()[pri:0, instance:com.ecommerce.Test.ProductPageTest@231f98ef]" started-at="2024-05-10T11:21:45 IST" name="teardown" finished-at="2024-05-10T11:21:45 IST" duration-ms="201" status="PASS">
          <reporter-output>
          </reporter-output>
        </test-method> <!-- teardown -->
        <test-method is-config="true" signature="initalization()[pri:0, instance:com.ecommerce.Test.ProductPageTest@231f98ef]" started-at="2024-05-10T11:21:45 IST" name="initalization" finished-at="2024-05-10T11:21:49 IST" duration-ms="3961" status="PASS">
          <reporter-output>
          </reporter-output>
        </test-method> <!-- initalization -->
        <test-method signature="Verifyproductpagetest()[pri:2, instance:com.ecommerce.Test.ProductPageTest@231f98ef]" started-at="2024-05-10T11:21:49 IST" name="Verifyproductpagetest" finished-at="2024-05-10T11:22:02 IST" duration-ms="12689" status="PASS">
          <reporter-output>
          </reporter-output>
        </test-method> <!-- Verifyproductpagetest -->
        <test-method is-config="true" signature="teardown()[pri:0, instance:com.ecommerce.Test.ProductPageTest@231f98ef]" started-at="2024-05-10T11:22:02 IST" name="teardown" finished-at="2024-05-10T11:22:03 IST" duration-ms="1277" status="PASS">
          <reporter-output>
          </reporter-output>
        </test-method> <!-- teardown -->
      </class> <!-- com.ecommerce.Test.ProductPageTest -->
      <class name="com.ecommerce.Test.LoginPageTest">
        <test-method is-config="true" signature="initalization()[pri:0, instance:com.ecommerce.Test.LoginPageTest@cb0755b]" started-at="2024-05-10T11:21:00 IST" name="initalization" finished-at="2024-05-10T11:21:06 IST" duration-ms="5645" status="PASS">
          <reporter-output>
          </reporter-output>
        </test-method> <!-- initalization -->
        <test-method signature="validatelogintexttest()[pri:1, instance:com.ecommerce.Test.LoginPageTest@cb0755b]" started-at="2024-05-10T11:21:06 IST" name="validatelogintexttest" finished-at="2024-05-10T11:21:07 IST" duration-ms="1574" status="PASS">
          <reporter-output>
          </reporter-output>
        </test-method> <!-- validatelogintexttest -->
        <test-method is-config="true" signature="teardown()[pri:0, instance:com.ecommerce.Test.LoginPageTest@cb0755b]" started-at="2024-05-10T11:21:07 IST" name="teardown" finished-at="2024-05-10T11:21:08 IST" duration-ms="200" status="PASS">
          <reporter-output>
          </reporter-output>
        </test-method> <!-- teardown -->
        <test-method is-config="true" signature="initalization()[pri:0, instance:com.ecommerce.Test.LoginPageTest@cb0755b]" started-at="2024-05-10T11:21:08 IST" name="initalization" finished-at="2024-05-10T11:21:12 IST" duration-ms="4740" status="PASS">
          <reporter-output>
          </reporter-output>
        </test-method> <!-- initalization -->
        <test-method signature="LoginUserwithcorrectemailandpasswordtest()[pri:2, instance:com.ecommerce.Test.LoginPageTest@cb0755b]" started-at="2024-05-10T11:21:12 IST" name="LoginUserwithcorrectemailandpasswordtest" finished-at="2024-05-10T11:21:17 IST" duration-ms="4508" status="PASS">
          <reporter-output>
          </reporter-output>
        </test-method> <!-- LoginUserwithcorrectemailandpasswordtest -->
        <test-method is-config="true" signature="teardown()[pri:0, instance:com.ecommerce.Test.LoginPageTest@cb0755b]" started-at="2024-05-10T11:21:17 IST" name="teardown" finished-at="2024-05-10T11:21:17 IST" duration-ms="184" status="PASS">
          <reporter-output>
          </reporter-output>
        </test-method> <!-- teardown -->
        <test-method is-config="true" signature="initalization()[pri:0, instance:com.ecommerce.Test.LoginPageTest@cb0755b]" started-at="2024-05-10T11:21:17 IST" name="initalization" finished-at="2024-05-10T11:21:21 IST" duration-ms="4021" status="PASS">
          <reporter-output>
          </reporter-output>
        </test-method> <!-- initalization -->
        <test-method signature="LoginUserwithincorrectemailandpasswordtest()[pri:3, instance:com.ecommerce.Test.LoginPageTest@cb0755b]" started-at="2024-05-10T11:21:21 IST" name="LoginUserwithincorrectemailandpasswordtest" finished-at="2024-05-10T11:21:24 IST" duration-ms="3104" status="PASS">
          <reporter-output>
          </reporter-output>
        </test-method> <!-- LoginUserwithincorrectemailandpasswordtest -->
        <test-method is-config="true" signature="teardown()[pri:0, instance:com.ecommerce.Test.LoginPageTest@cb0755b]" started-at="2024-05-10T11:21:24 IST" name="teardown" finished-at="2024-05-10T11:21:24 IST" duration-ms="192" status="PASS">
          <reporter-output>
          </reporter-output>
        </test-method> <!-- teardown -->
      </class> <!-- com.ecommerce.Test.LoginPageTest -->
      <class name="com.ecommerce.Test.ContactusPageTest">
        <test-method is-config="true" signature="initalization()[pri:0, instance:com.ecommerce.Test.ContactusPageTest@31ea9581]" started-at="2024-05-10T11:21:24 IST" name="initalization" finished-at="2024-05-10T11:21:28 IST" duration-ms="3257" status="PASS">
          <reporter-output>
          </reporter-output>
        </test-method> <!-- initalization -->
        <test-method signature="clickoncontactustest()[pri:1, instance:com.ecommerce.Test.ContactusPageTest@31ea9581]" started-at="2024-05-10T11:21:28 IST" name="clickoncontactustest" finished-at="2024-05-10T11:21:37 IST" duration-ms="8982" status="PASS">
          <reporter-output>
          </reporter-output>
        </test-method> <!-- clickoncontactustest -->
        <test-method is-config="true" signature="teardown()[pri:0, instance:com.ecommerce.Test.ContactusPageTest@31ea9581]" started-at="2024-05-10T11:21:37 IST" name="teardown" finished-at="2024-05-10T11:21:37 IST" duration-ms="260" status="PASS">
          <reporter-output>
          </reporter-output>
        </test-method> <!-- teardown -->
      </class> <!-- com.ecommerce.Test.ContactusPageTest -->
    </test> <!-- CRMPRO -->
  </suite> <!-- CRMPRO session -->
</testng-results>
